# JRE version: Java(TM) SE Runtime Environment (7.0_51-b13) (build 1.7.0_51-b13)
# Java VM: Java HotSpot(TM) 64-Bit Server VM (24.51-b03 mixed mode linux-amd64 compressed oops)
Heap
 PSYoungGen      total 27136K, used 6451K [0x00000000e2500000, 0x00000000e4300000, 0x0000000100000000)
  eden space 23552K, 12% used [0x00000000e2500000,0x00000000e27d2998,0x00000000e3c00000)
  from space 3584K, 99% used [0x00000000e3f80000,0x00000000e42fa530,0x00000000e4300000)
  to   space 3584K, 0% used [0x00000000e3c00000,0x00000000e3c00000,0x00000000e3f80000)
 ParOldGen       total 60416K, used 7055K [0x00000000a7000000, 0x00000000aab00000, 0x00000000e2500000)
  object space 60416K, 11% used [0x00000000a7000000,0x00000000a76e3ec0,0x00000000aab00000)
 PSPermGen       total 21504K, used 17409K [0x00000000a1e00000, 0x00000000a3300000, 0x00000000a7000000)
  object space 21504K, 80% used [0x00000000a1e00000,0x00000000a2f00760,0x00000000a3300000)
GC Heap History (8 events):
Event: 16.047 GC heap before
{Heap before GC invocations=1 (full 0):
 PSYoungGen      total 27136K, used 23552K [0x00000000e2500000, 0x00000000e4300000, 0x0000000100000000)
  eden space 23552K, 100% used [0x00000000e2500000,0x00000000e3c00000,0x00000000e3c00000)
  from space 3584K, 0% used [0x00000000e3f80000,0x00000000e3f80000,0x00000000e4300000)
  to   space 3584K, 0% used [0x00000000e3c00000,0x00000000e3c00000,0x00000000e3f80000)
 ParOldGen       total 60416K, used 0K [0x00000000a7000000, 0x00000000aab00000, 0x00000000e2500000)
  object space 60416K, 0% used [0x00000000a7000000,0x00000000a7000000,0x00000000aab00000)
 PSPermGen       total 21504K, used 15436K [0x00000000a1e00000, 0x00000000a3300000, 0x00000000a7000000)
  object space 21504K, 71% used [0x00000000a1e00000,0x00000000a2d13350,0x00000000a3300000)
Event: 16.106 GC heap after
Heap after GC invocations=1 (full 0):
 PSYoungGen      total 27136K, used 3577K [0x00000000e2500000, 0x00000000e4300000, 0x0000000100000000)
  eden space 23552K, 0% used [0x00000000e2500000,0x00000000e2500000,0x00000000e3c00000)
  from space 3584K, 99% used [0x00000000e3c00000,0x00000000e3f7e520,0x00000000e3f80000)
  to   space 3584K, 0% used [0x00000000e3f80000,0x00000000e3f80000,0x00000000e4300000)
 ParOldGen       total 60416K, used 3366K [0x00000000a7000000, 0x00000000aab00000, 0x00000000e2500000)
  object space 60416K, 5% used [0x00000000a7000000,0x00000000a7349aa0,0x00000000aab00000)
 PSPermGen       total 21504K, used 15436K [0x00000000a1e00000, 0x00000000a3300000, 0x00000000a7000000)
  object space 21504K, 71% used [0x00000000a1e00000,0x00000000a2d13350,0x00000000a3300000)
}
Event: 288.802 GC heap before
{Heap before GC invocations=2 (full 0):
 PSYoungGen      total 27136K, used 27129K [0x00000000e2500000, 0x00000000e4300000, 0x0000000100000000)
  eden space 23552K, 100% used [0x00000000e2500000,0x00000000e3c00000,0x00000000e3c00000)
  from space 3584K, 99% used [0x00000000e3c00000,0x00000000e3f7e520,0x00000000e3f80000)
  to   space 3584K, 0% used [0x00000000e3f80000,0x00000000e3f80000,0x00000000e4300000)
 ParOldGen       total 60416K, used 3366K [0x00000000a7000000, 0x00000000aab00000, 0x00000000e2500000)
  object space 60416K, 5% used [0x00000000a7000000,0x00000000a7349aa0,0x00000000aab00000)
 PSPermGen       total 21504K, used 16489K [0x00000000a1e00000, 0x00000000a3300000, 0x00000000a7000000)
  object space 21504K, 76% used [0x00000000a1e00000,0x00000000a2e1a608,0x00000000a3300000)
Event: 288.829 GC heap after
Heap after GC invocations=2 (full 0):
 PSYoungGen      total 27136K, used 3577K [0x00000000e2500000, 0x00000000e4300000, 0x0000000100000000)
  eden space 23552K, 0% used [0x00000000e2500000,0x00000000e2500000,0x00000000e3c00000)
  from space 3584K, 99% used [0x00000000e3f80000,0x00000000e42fe540,0x00000000e4300000)
  to   space 3584K, 0% used [0x00000000e3c00000,0x00000000e3c00000,0x00000000e3f80000)
 ParOldGen       total 60416K, used 5220K [0x00000000a7000000, 0x00000000aab00000, 0x00000000e2500000)
  object space 60416K, 8% used [0x00000000a7000000,0x00000000a7519128,0x00000000aab00000)
 PSPermGen       total 21504K, used 16489K [0x00000000a1e00000, 0x00000000a3300000, 0x00000000a7000000)
  object space 21504K, 76% used [0x00000000a1e00000,0x00000000a2e1a608,0x00000000a3300000)
}
Event: 561.736 GC heap before
{Heap before GC invocations=3 (full 0):
 PSYoungGen      total 27136K, used 27129K [0x00000000e2500000, 0x00000000e4300000, 0x0000000100000000)
  eden space 23552K, 100% used [0x00000000e2500000,0x00000000e3c00000,0x00000000e3c00000)
  from space 3584K, 99% used [0x00000000e3f80000,0x00000000e42fe540,0x00000000e4300000)
  to   space 3584K, 0% used [0x00000000e3c00000,0x00000000e3c00000,0x00000000e3f80000)
 ParOldGen       total 60416K, used 5220K [0x00000000a7000000, 0x00000000aab00000, 0x00000000e2500000)
  object space 60416K, 8% used [0x00000000a7000000,0x00000000a7519128,0x00000000aab00000)
 PSPermGen       total 21504K, used 17274K [0x00000000a1e00000, 0x00000000a3300000, 0x00000000a7000000)
  object space 21504K, 80% used [0x00000000a1e00000,0x00000000a2ede950,0x00000000a3300000)
Event: 561.758 GC heap after
Heap after GC invocations=3 (full 0):
 PSYoungGen      total 27136K, used 3577K [0x00000000e2500000, 0x00000000e4300000, 0x0000000100000000)
  eden space 23552K, 0% used [0x00000000e2500000,0x00000000e2500000,0x00000000e3c00000)
  from space 3584K, 99% used [0x00000000e3c00000,0x00000000e3f7e520,0x00000000e3f80000)
  to   space 3584K, 0% used [0x00000000e3f80000,0x00000000e3f80000,0x00000000e4300000)
 ParOldGen       total 60416K, used 6158K [0x00000000a7000000, 0x00000000aab00000, 0x00000000e2500000)
  object space 60416K, 10% used [0x00000000a7000000,0x00000000a7603b60,0x00000000aab00000)
 PSPermGen       total 21504K, used 17274K [0x00000000a1e00000, 0x00000000a3300000, 0x00000000a7000000)
  object space 21504K, 80% used [0x00000000a1e00000,0x00000000a2ede950,0x00000000a3300000)
}
Event: 1196.727 GC heap before
{Heap before GC invocations=4 (full 0):
 PSYoungGen      total 27136K, used 27129K [0x00000000e2500000, 0x00000000e4300000, 0x0000000100000000)
  eden space 23552K, 100% used [0x00000000e2500000,0x00000000e3c00000,0x00000000e3c00000)
  from space 3584K, 99% used [0x00000000e3c00000,0x00000000e3f7e520,0x00000000e3f80000)
  to   space 3584K, 0% used [0x00000000e3f80000,0x00000000e3f80000,0x00000000e4300000)
 ParOldGen       total 60416K, used 6158K [0x00000000a7000000, 0x00000000aab00000, 0x00000000e2500000)
  object space 60416K, 10% used [0x00000000a7000000,0x00000000a7603b60,0x00000000aab00000)
 PSPermGen       total 21504K, used 17398K [0x00000000a1e00000, 0x00000000a3300000, 0x00000000a7000000)
  object space 21504K, 80% used [0x00000000a1e00000,0x00000000a2efda38,0x00000000a3300000)
Event: 1196.753 GC heap after
Heap after GC invocations=4 (full 0):
 PSYoungGen      total 27136K, used 3561K [0x00000000e2500000, 0x00000000e4300000, 0x0000000100000000)
  eden space 23552K, 0% used [0x00000000e2500000,0x00000000e2500000,0x00000000e3c00000)
  from space 3584K, 99% used [0x00000000e3f80000,0x00000000e42fa530,0x00000000e4300000)
  to   space 3584K, 0% used [0x00000000e3c00000,0x00000000e3c00000,0x00000000e3f80000)
 ParOldGen       total 60416K, used 7055K [0x00000000a7000000, 0x00000000aab00000, 0x00000000e2500000)
  object space 60416K, 11% used [0x00000000a7000000,0x00000000a76e3ec0,0x00000000aab00000)
 PSPermGen       total 21504K, used 17398K [0x00000000a1e00000, 0x00000000a3300000, 0x00000000a7000000)
  object space 21504K, 80% used [0x00000000a1e00000,0x00000000a2efda38,0x00000000a3300000)
}

